\BOOKMARK [0][-]{chapter.1}{\376\377\000I\000n\000t\000r\000o\000d\000u\000c\000t\000i\000o\000n}{}% 1
\BOOKMARK [1][-]{section.1.1}{\376\377\000M\000o\000t\000i\000v\000a\000t\000i\000o\000n}{chapter.1}% 2
\BOOKMARK [1][-]{section.1.2}{\376\377\000K\000e\000y\000\040\000I\000d\000e\000a}{chapter.1}% 3
\BOOKMARK [1][-]{section.1.3}{\376\377\000M\000a\000t\000h\000e\000m\000a\000t\000i\000c\000a\000l\000\040\000M\000o\000d\000e\000l\000i\000n\000g}{chapter.1}% 4
\BOOKMARK [2][-]{subsection.1.3.1}{\376\377\000P\000i\000t\000c\000h\000-\000C\000l\000a\000s\000s\000\040\000V\000e\000c\000t\000o\000r\000\040\000S\000p\000a\000c\000e}{section.1.3}% 5
\BOOKMARK [2][-]{subsection.1.3.2}{\376\377\000C\000h\000o\000r\000d\000\040\000O\000p\000e\000r\000a\000t\000o\000r\000s}{section.1.3}% 6
\BOOKMARK [2][-]{subsection.1.3.3}{\376\377\000F\000r\000e\000q\000u\000e\000n\000c\000y\000\040\000T\000r\000a\000n\000s\000f\000o\000r\000m\000a\000t\000i\000o\000n}{section.1.3}% 7
\BOOKMARK [1][-]{section.1.4}{\376\377\000I\000m\000p\000l\000e\000m\000e\000n\000t\000a\000t\000i\000o\000n\000\040\000O\000v\000e\000r\000v\000i\000e\000w}{chapter.1}% 8
\BOOKMARK [1][-]{section.1.5}{\376\377\000O\000u\000t\000c\000o\000m\000e}{chapter.1}% 9
\BOOKMARK [0][-]{chapter.2}{\376\377\000M\000a\000t\000h\000e\000m\000a\000t\000i\000c\000a\000l\000\040\000R\000e\000p\000r\000e\000s\000e\000n\000t\000a\000t\000i\000o\000n\000\040\000o\000f\000\040\000C\000h\000o\000r\000d\000s}{}% 10
\BOOKMARK [1][-]{section.2.1}{\376\377\000P\000i\000t\000c\000h\000\040\000C\000l\000a\000s\000s\000e\000s\000\040\000a\000s\000\040\000a\000\040\000V\000e\000c\000t\000o\000r\000\040\000S\000p\000a\000c\000e}{chapter.2}% 11
\BOOKMARK [2][-]{subsection.2.1.1}{\376\377\000T\000h\000e\000\040\000V\000e\000c\000t\000o\000r\000\040\000S\000p\000a\000c\000e\000\040\000R\0001\0002}{section.2.1}% 12
\BOOKMARK [2][-]{subsection.2.1.2}{\376\377\000S\000t\000a\000n\000d\000a\000r\000d\000\040\000B\000a\000s\000i\000s\000\040\000o\000f\000\040\000R\0001\0002}{section.2.1}% 13
\BOOKMARK [2][-]{subsection.2.1.3}{\376\377\000P\000i\000t\000c\000h\000\040\000C\000l\000a\000s\000s\000e\000s\000\040\000a\000s\000\040\000B\000a\000s\000i\000s\000\040\000V\000e\000c\000t\000o\000r\000s}{section.2.1}% 14
\BOOKMARK [2][-]{subsection.2.1.4}{\376\377\000P\000i\000t\000c\000h\000-\000C\000l\000a\000s\000s\000\040\000E\000n\000c\000o\000d\000i\000n\000g\000\040\000i\000n\000\040\000R\0001\0002}{section.2.1}% 15
\BOOKMARK [1][-]{section.2.2}{\376\377\000N\000o\000t\000e\000s\000\040\000a\000n\000d\000\040\000S\000c\000a\000l\000e\000s\000\040\000a\000s\000\040\000S\000u\000b\000s\000p\000a\000c\000e\000s}{chapter.2}% 16
\BOOKMARK [2][-]{subsection.2.2.1}{\376\377\000S\000i\000n\000g\000l\000e\000\040\000N\000o\000t\000e\000s\000\040\000a\000s\000\040\000O\000n\000e\000-\000D\000i\000m\000e\000n\000s\000i\000o\000n\000a\000l\000\040\000S\000u\000b\000s\000p\000a\000c\000e\000s}{section.2.2}% 17
\BOOKMARK [2][-]{subsection.2.2.2}{\376\377\000S\000c\000a\000l\000e\000s\000\040\000a\000s\000\040\000H\000i\000g\000h\000e\000r\000-\000D\000i\000m\000e\000n\000s\000i\000o\000n\000a\000l\000\040\000S\000u\000b\000s\000p\000a\000c\000e\000s}{section.2.2}% 18
\BOOKMARK [2][-]{subsection.2.2.3}{\376\377\000C\000l\000o\000s\000u\000r\000e\000\040\000U\000n\000d\000e\000r\000\040\000A\000d\000d\000i\000t\000i\000o\000n}{section.2.2}% 19
\BOOKMARK [2][-]{subsection.2.2.4}{\376\377\000C\000h\000o\000r\000d\000\040\000M\000e\000m\000b\000e\000r\000s\000h\000i\000p\000\040\000i\000n\000\040\000S\000c\000a\000l\000e\000s}{section.2.2}% 20
\BOOKMARK [2][-]{subsection.2.2.5}{\376\377\000C\000h\000o\000r\000d\000s\000\040\000a\000s\000\040\000D\000i\000r\000e\000c\000t\000\040\000S\000u\000m\000s\000\040\000o\000f\000\040\000N\000o\000t\000e\000\040\000S\000u\000b\000s\000p\000a\000c\000e\000s}{section.2.2}% 21
\BOOKMARK [1][-]{section.2.3}{\376\377\000S\000h\000i\000f\000t\000\040\000M\000a\000t\000r\000i\000c\000e\000s\000\040\000f\000o\000r\000\040\000T\000r\000a\000n\000s\000p\000o\000s\000i\000t\000i\000o\000n}{chapter.2}% 22
\BOOKMARK [2][-]{subsection.2.3.1}{\376\377\000S\000h\000i\000f\000t\000\040\000M\000a\000t\000r\000i\000x\000\040\000R\000e\000p\000r\000e\000s\000e\000n\000t\000a\000t\000i\000o\000n}{section.2.3}% 23
\BOOKMARK [2][-]{subsection.2.3.2}{\376\377\000E\000f\000f\000e\000c\000t\000\040\000o\000n\000\040\000N\000o\000t\000e\000s}{section.2.3}% 24
\BOOKMARK [2][-]{subsection.2.3.3}{\376\377\000E\000f\000f\000e\000c\000t\000\040\000o\000n\000\040\000C\000h\000o\000r\000d\000s}{section.2.3}% 25
\BOOKMARK [2][-]{subsection.2.3.4}{\376\377\000P\000r\000a\000c\000t\000i\000c\000a\000l\000\040\000S\000i\000g\000n\000i\000f\000i\000c\000a\000n\000c\000e}{section.2.3}% 26
\BOOKMARK [1][-]{section.2.4}{\376\377\000L\000i\000n\000e\000a\000r\000\040\000O\000p\000e\000r\000a\000t\000o\000r\000s\000\040\000f\000o\000r\000\040\000C\000h\000o\000r\000d\000s}{chapter.2}% 27
\BOOKMARK [2][-]{subsection.2.4.1}{\376\377\000C\000h\000o\000r\000d\000\040\000O\000p\000e\000r\000a\000t\000o\000r\000s}{section.2.4}% 28
\BOOKMARK [2][-]{subsection.2.4.2}{\376\377\000G\000e\000n\000e\000r\000a\000t\000i\000n\000g\000\040\000C\000h\000o\000r\000d\000s\000\040\000f\000r\000o\000m\000\040\000N\000o\000t\000e\000s}{section.2.4}% 29
\BOOKMARK [2][-]{subsection.2.4.3}{\376\377\000E\000x\000t\000e\000n\000d\000e\000d\000\040\000C\000h\000o\000r\000d\000s}{section.2.4}% 30
\BOOKMARK [2][-]{subsection.2.4.4}{\376\377\000S\000i\000g\000n\000i\000f\000i\000c\000a\000n\000c\000e}{section.2.4}% 31
\BOOKMARK [2][-]{subsection.2.4.5}{\376\377\000G\000e\000n\000e\000r\000a\000l\000\040\000L\000i\000n\000e\000a\000r\000\040\000O\000p\000e\000r\000a\000t\000o\000r\000\040\000f\000o\000r\000\040\000C\000h\000o\000r\000d\000s}{section.2.4}% 32
\BOOKMARK [2][-]{subsection.2.4.6}{\376\377\000C\000h\000o\000r\000d\000\040\000O\000p\000e\000r\000a\000t\000o\000r\000\040\000L\000i\000s\000t}{section.2.4}% 33
\BOOKMARK [1][-]{section.2.5}{\376\377\000F\000r\000e\000q\000u\000e\000n\000c\000y\000\040\000T\000r\000a\000n\000s\000f\000o\000r\000m\000a\000t\000i\000o\000n\000\040\000f\000o\000r\000\040\000S\000o\000u\000n\000d\000\040\000S\000y\000n\000t\000h\000e\000s\000i\000s}{chapter.2}% 34
\BOOKMARK [2][-]{subsection.2.5.1}{\376\377\000O\000c\000t\000a\000v\000e\000\040\000T\000r\000a\000n\000s\000f\000o\000r\000m\000a\000t\000i\000o\000n\000\040\000M\000a\000t\000r\000i\000x}{section.2.5}% 35
\BOOKMARK [2][-]{subsection.2.5.2}{\376\377\000F\000r\000e\000q\000u\000e\000n\000c\000y\000\040\000F\000o\000r\000m\000u\000l\000a}{section.2.5}% 36
\BOOKMARK [2][-]{subsection.2.5.3}{\376\377\000M\000a\000p\000p\000i\000n\000g\000\040\000C\000h\000o\000r\000d\000s\000\040\000t\000o\000\040\000S\000o\000u\000n\000d}{section.2.5}% 37
\BOOKMARK [2][-]{subsection.2.5.4}{\376\377\000S\000i\000g\000n\000i\000f\000i\000c\000a\000n\000c\000e}{section.2.5}% 38
\BOOKMARK [2][-]{subsection.2.5.5}{\376\377\000E\000x\000a\000m\000p\000l\000e\000:\000\040\000M\000a\000p\000p\000i\000n\000g\000\040\000a\000\040\000C\000\040\000M\000a\000j\000o\000r\000\040\000C\000h\000o\000r\000d\000\040\000t\000o\000\040\000F\000r\000e\000q\000u\000e\000n\000c\000i\000e\000s}{section.2.5}% 39
\BOOKMARK [1][-]{section.2.6}{\376\377\000T\000i\000m\000e\000\040\000E\000n\000c\000o\000d\000i\000n\000g\000\040\000a\000n\000d\000\040\000t\000h\000e\000\040\000C\000h\000o\000r\000d\000\040\000E\000n\000g\000i\000n\000e}{chapter.2}% 40
\BOOKMARK [2][-]{subsection.2.6.1}{\376\377\000T\000i\000m\000e\000\040\000E\000n\000c\000o\000d\000i\000n\000g\000\040\000O\000v\000e\000r\000v\000i\000e\000w}{section.2.6}% 41
\BOOKMARK [2][-]{subsection.2.6.2}{\376\377\000T\000h\000e\000\040\000C\000o\000m\000p\000l\000e\000t\000e\000\040\000C\000h\000o\000r\000d\000\040\000E\000n\000g\000i\000n\000e}{section.2.6}% 42
\BOOKMARK [0][-]{chapter.3}{\376\377\000I\000m\000p\000l\000e\000m\000e\000n\000t\000a\000t\000i\000o\000n\000\040\000\050\000P\000y\000t\000h\000o\000n\000\051}{}% 43
\BOOKMARK [1][-]{section.3.1}{\376\377\000I\000m\000p\000l\000e\000m\000e\000n\000t\000a\000t\000i\000o\000n\000\040\000o\000f\000\040\000N\000o\000t\000e\000\040\000V\000e\000c\000t\000o\000r\000s}{chapter.3}% 44
\BOOKMARK [1][-]{section.3.2}{\376\377\000I\000m\000p\000l\000e\000m\000e\000n\000t\000a\000t\000i\000o\000n\000\040\000o\000f\000\040\000S\000h\000i\000f\000t\000\040\000M\000a\000t\000r\000i\000c\000e\000s}{chapter.3}% 45
\BOOKMARK [1][-]{section.3.3}{\376\377\000C\000h\000o\000r\000d\000\040\000O\000p\000e\000r\000a\000t\000o\000r\000\040\000G\000e\000n\000e\000r\000a\000t\000o\000r}{chapter.3}% 46
\BOOKMARK [1][-]{section.3.4}{\376\377\000O\000c\000t\000a\000v\000e\000\040\000T\000r\000a\000n\000s\000f\000o\000r\000m\000a\000t\000i\000o\000n\000\040\000M\000a\000t\000r\000i\000x}{chapter.3}% 47
\BOOKMARK [1][-]{section.3.5}{\376\377\000M\000a\000p\000p\000i\000n\000g\000\040\000C\000h\000o\000r\000d\000\040\000V\000e\000c\000t\000o\000r\000s\000\040\000t\000o\000\040\000F\000r\000e\000q\000u\000e\000n\000c\000i\000e\000s}{chapter.3}% 48
\BOOKMARK [1][-]{section.3.6}{\376\377\000C\000o\000m\000p\000l\000e\000t\000e\000\040\000C\000h\000o\000r\000d\000\040\000P\000l\000a\000y\000b\000a\000c\000k\000\040\000F\000u\000n\000c\000t\000i\000o\000n}{chapter.3}% 49
\BOOKMARK [1][-]{section.3.7}{\376\377\000P\000r\000o\000g\000r\000e\000s\000s\000i\000o\000n\000\040\000a\000n\000d\000\040\000T\000e\000m\000p\000o}{chapter.3}% 50
\BOOKMARK [0][-]{chapter.4}{\376\377\000R\000e\000s\000u\000l\000t\000s\000\040\000a\000n\000d\000\040\000D\000e\000m\000o\000n\000s\000t\000r\000a\000t\000i\000o\000n}{}% 51
